TN:
SF:/Users/liwenfu/ndfront/nd-datetime/index.js
FN:15,zeroPad
FN:27,isLeap
FN:33,(anonymous_3)
FN:37,(anonymous_4)
FN:41,(anonymous_5)
FN:45,(anonymous_6)
FN:50,(anonymous_7)
FN:55,(anonymous_8)
FN:59,(anonymous_9)
FN:63,(anonymous_10)
FN:67,(anonymous_11)
FN:71,(anonymous_12)
FN:75,(anonymous_13)
FN:79,(anonymous_14)
FN:83,(anonymous_15)
FN:87,(anonymous_16)
FN:91,(anonymous_17)
FN:95,(anonymous_18)
FN:99,(anonymous_19)
FN:103,(anonymous_20)
FN:107,(anonymous_21)
FN:111,(anonymous_22)
FN:115,(anonymous_23)
FN:121,parseVal
FN:145,parseDate
FN:176,(anonymous_26)
FN:181,(anonymous_27)
FN:185,(anonymous_28)
FN:188,(anonymous_29)
FN:193,(anonymous_30)
FN:203,(anonymous_31)
FNF:31
FNH:29
FNDA:75,zeroPad
FNDA:4,isLeap
FNDA:2,(anonymous_3)
FNDA:2,(anonymous_4)
FNDA:2,(anonymous_5)
FNDA:2,(anonymous_6)
FNDA:0,(anonymous_7)
FNDA:0,(anonymous_8)
FNDA:6,(anonymous_9)
FNDA:17,(anonymous_10)
FNDA:2,(anonymous_11)
FNDA:15,(anonymous_12)
FNDA:21,(anonymous_13)
FNDA:15,(anonymous_14)
FNDA:17,(anonymous_15)
FNDA:13,(anonymous_16)
FNDA:15,(anonymous_17)
FNDA:13,(anonymous_18)
FNDA:15,(anonymous_19)
FNDA:13,(anonymous_20)
FNDA:15,(anonymous_21)
FNDA:6,(anonymous_22)
FNDA:8,(anonymous_23)
FNDA:13,parseVal
FNDA:63,parseDate
FNDA:63,(anonymous_26)
FNDA:3,(anonymous_27)
FNDA:58,(anonymous_28)
FNDA:114,(anonymous_29)
FNDA:2,(anonymous_30)
FNDA:63,(anonymous_31)
DA:8,1
DA:9,1
DA:10,1
DA:11,1
DA:13,1
DA:15,1
DA:16,75
DA:17,75
DA:18,75
DA:20,75
DA:21,37
DA:24,75
DA:27,1
DA:28,4
DA:31,1
DA:34,2
DA:38,2
DA:42,2
DA:46,2
DA:51,0
DA:56,0
DA:60,6
DA:64,17
DA:68,2
DA:72,15
DA:76,21
DA:80,15
DA:84,17
DA:88,13
DA:92,15
DA:96,13
DA:100,15
DA:104,13
DA:108,15
DA:112,6
DA:116,8
DA:121,1
DA:122,13
DA:124,13
DA:125,13
DA:127,13
DA:128,13
DA:130,13
DA:131,65
DA:134,13
DA:135,13
DA:136,13
DA:137,13
DA:138,13
DA:139,13
DA:140,13
DA:142,13
DA:145,1
DA:146,63
DA:147,0
DA:150,63
DA:152,63
DA:153,6
DA:156,57
DA:157,44
DA:161,13
DA:165,0
DA:167,0
DA:171,0
DA:176,1
DA:177,63
DA:178,63
DA:181,1
DA:182,3
DA:185,1
DA:186,58
DA:188,58
DA:189,114
DA:193,1
DA:194,2
DA:197,1
DA:203,1
DA:204,63
DA:207,1
DA:209,1
LF:80
LH:74
BRDA:16,1,0,75
BRDA:16,1,1,69
BRDA:28,2,0,4
BRDA:28,2,1,2
BRDA:28,2,2,2
BRDA:122,3,0,13
BRDA:122,3,1,0
BRDA:134,4,0,13
BRDA:134,4,1,2
BRDA:134,4,2,2
BRDA:135,5,0,13
BRDA:135,5,1,2
BRDA:135,5,2,2
BRDA:136,6,0,13
BRDA:136,6,1,2
BRDA:136,6,2,2
BRDA:137,7,0,13
BRDA:137,7,1,4
BRDA:137,7,2,4
BRDA:138,8,0,13
BRDA:138,8,1,4
BRDA:138,8,2,4
BRDA:139,9,0,13
BRDA:139,9,1,4
BRDA:139,9,2,4
BRDA:140,10,0,13
BRDA:140,10,1,11
BRDA:140,10,2,11
BRDA:142,11,0,0
BRDA:142,11,1,13
BRDA:146,12,0,0
BRDA:146,12,1,63
BRDA:150,13,0,63
BRDA:150,13,1,0
BRDA:152,14,0,6
BRDA:152,14,1,57
BRDA:156,15,0,44
BRDA:156,15,1,13
BRDA:165,16,0,0
BRDA:165,16,1,0
BRDA:178,17,0,63
BRDA:178,17,1,4
BRDA:188,18,0,58
BRDA:188,18,1,55
BRDA:189,19,0,114
BRDA:189,19,1,0
BRF:46
BRH:39
end_of_record
