TN:
SF:/Users/liwenfu/ndfront/nd-datetime/index.js
FN:15,zeroPad
FN:27,(anonymous_2)
FN:31,(anonymous_3)
FN:35,(anonymous_4)
FN:39,(anonymous_5)
FN:44,(anonymous_6)
FN:49,(anonymous_7)
FN:53,(anonymous_8)
FN:57,(anonymous_9)
FN:61,(anonymous_10)
FN:65,(anonymous_11)
FN:69,(anonymous_12)
FN:73,(anonymous_13)
FN:77,(anonymous_14)
FN:81,(anonymous_15)
FN:85,(anonymous_16)
FN:89,(anonymous_17)
FN:93,(anonymous_18)
FN:97,(anonymous_19)
FN:101,(anonymous_20)
FN:105,(anonymous_21)
FN:109,(anonymous_22)
FN:115,parseVal
FN:143,parseDate
FN:174,(anonymous_25)
FN:179,(anonymous_26)
FN:182,(anonymous_27)
FN:187,(anonymous_28)
FN:191,(anonymous_29)
FN:195,(anonymous_30)
FNF:30
FNH:28
FNDA:75,zeroPad
FNDA:2,(anonymous_2)
FNDA:2,(anonymous_3)
FNDA:2,(anonymous_4)
FNDA:2,(anonymous_5)
FNDA:0,(anonymous_6)
FNDA:0,(anonymous_7)
FNDA:6,(anonymous_8)
FNDA:15,(anonymous_9)
FNDA:2,(anonymous_10)
FNDA:15,(anonymous_11)
FNDA:21,(anonymous_12)
FNDA:15,(anonymous_13)
FNDA:17,(anonymous_14)
FNDA:13,(anonymous_15)
FNDA:15,(anonymous_16)
FNDA:13,(anonymous_17)
FNDA:15,(anonymous_18)
FNDA:13,(anonymous_19)
FNDA:15,(anonymous_20)
FNDA:6,(anonymous_21)
FNDA:8,(anonymous_22)
FNDA:13,parseVal
FNDA:61,parseDate
FNDA:61,(anonymous_25)
FNDA:58,(anonymous_26)
FNDA:114,(anonymous_27)
FNDA:3,(anonymous_28)
FNDA:1,(anonymous_29)
FNDA:61,(anonymous_30)
DA:8,1
DA:9,1
DA:10,1
DA:11,1
DA:13,1
DA:15,1
DA:16,75
DA:17,75
DA:18,75
DA:19,75
DA:20,37
DA:22,75
DA:25,1
DA:28,2
DA:32,2
DA:36,2
DA:40,2
DA:45,0
DA:50,0
DA:54,6
DA:58,15
DA:62,2
DA:66,15
DA:70,21
DA:74,15
DA:78,17
DA:82,13
DA:86,15
DA:90,13
DA:94,15
DA:98,13
DA:102,15
DA:106,6
DA:110,8
DA:115,1
DA:116,13
DA:122,13
DA:123,13
DA:125,13
DA:126,13
DA:128,13
DA:129,65
DA:132,13
DA:133,13
DA:134,13
DA:135,13
DA:136,13
DA:137,13
DA:138,13
DA:140,13
DA:143,1
DA:144,61
DA:145,0
DA:148,61
DA:150,61
DA:151,6
DA:154,55
DA:155,42
DA:159,13
DA:163,0
DA:165,0
DA:169,0
DA:174,1
DA:175,61
DA:176,61
DA:179,1
DA:180,58
DA:182,58
DA:183,114
DA:187,1
DA:188,3
DA:191,1
DA:192,1
DA:195,1
DA:196,61
LF:75
LH:69
BRDA:16,1,0,75
BRDA:16,1,1,69
BRDA:116,2,0,13
BRDA:116,2,1,0
BRDA:132,3,0,13
BRDA:132,3,1,2
BRDA:132,3,2,2
BRDA:133,4,0,13
BRDA:133,4,1,2
BRDA:133,4,2,2
BRDA:134,5,0,13
BRDA:134,5,1,2
BRDA:134,5,2,2
BRDA:135,6,0,13
BRDA:135,6,1,4
BRDA:135,6,2,4
BRDA:136,7,0,13
BRDA:136,7,1,4
BRDA:136,7,2,4
BRDA:137,8,0,13
BRDA:137,8,1,4
BRDA:137,8,2,4
BRDA:138,9,0,13
BRDA:138,9,1,11
BRDA:138,9,2,11
BRDA:140,10,0,0
BRDA:140,10,1,13
BRDA:144,11,0,0
BRDA:144,11,1,61
BRDA:148,12,0,61
BRDA:148,12,1,0
BRDA:150,13,0,6
BRDA:150,13,1,55
BRDA:154,14,0,42
BRDA:154,14,1,13
BRDA:163,15,0,0
BRDA:163,15,1,0
BRDA:176,16,0,61
BRDA:176,16,1,2
BRDA:182,17,0,58
BRDA:182,17,1,55
BRDA:183,18,0,114
BRDA:183,18,1,0
BRF:43
BRH:36
end_of_record
